<?xml version="1.0" encoding="UTF-8"?>
<!-- Generated by org.testng.reporters.JUnitXMLReporter -->
<testsuite hostname="DESKTOP-19EM6NF" ignored="0" tests="20" failures="0" timestamp="30 Jun 2019 06:41:30 GMT" time="44.778" errors="0">
  <testcase name="Verify_Url" time="0.02" classname="Login_TestCase"/>
  <testcase name="verifyApplicationTitle" time="0.022" classname="Login_TestCase"/>
  <testcase name="verify_Title" time="0.067" classname="Login_TestCase"/>
  <testcase name="loginsesion" time="0.01" classname="Login_TestCase"/>
  <testcase name="Check_PlaceHolder_Username" time="0.026" classname="Login_TestCase"/>
  <testcase name="Check_PlaceHolder_Password" time="0.026" classname="Login_TestCase"/>
  <testcase name="check_Button_color" time="0.061" classname="Login_TestCase"/>
  <testcase name="check_Links" time="0.039" classname="Login_TestCase"/>
  <testcase name="blank_username_password" time="0.216" classname="Login_TestCase"/>
  <testcase name="invalidusername_password" time="4.303" classname="Login_TestCase"/>
  <testcase name="validUsername_Password" time="1.239" classname="Login_TestCase"/>
  <testcase name="Verify_Url_DashBoard" time="0.013" classname="Login_TestCase"/>
  <testcase name="verifyApplicationTitle_DashBoard" time="0.02" classname="Login_TestCase"/>
  <testcase name="heading_Dashboard" time="2.025" classname="Login_TestCase"/>
  <testcase name="click_OnUser" time="2.451" classname="Login_TestCase"/>
  <testcase name="getTableData" time="7.552" classname="Login_TestCase"/>
  <testcase name="Click_On_AddUser_Btn" time="2.346" classname="Login_TestCase"/>
  <testcase name="Fill_Form" time="14.017" classname="Login_TestCase"/>
  <testcase name="clickOn_OperatorBtn" time="9.862" classname="Login_TestCase"/>
  <testcase name="logOutBtn" time="0.406" classname="Login_TestCase"/>
</testsuite>
